<?xml version="1.0" encoding="UTF-8"?>
<!-- Generated by org.testng.reporters.JUnitXMLReporter -->
<testsuite hostname="LAPTOP-4DVT6KC1" ignored="0" name="ValidateNavigationBar_Test" tests="1" failures="1" timestamp="2020-05-13T06:18:57 IST" time="34.357" errors="0">
  <testcase name="validateNavigate" time="1.091" classname="Academy.E2EProject.ValidateNavigationBar_Test">
    <failure type="java.lang.AssertionError" message="Got Displayed did not expect to find [true] but found [false]">
      <![CDATA[java.lang.AssertionError: Got Displayed did not expect to find [true] but found [false]
at Academy.E2EProject.ValidateNavigationBar_Test.validateNavigate(ValidateNavigationBar_Test.java:36)
at java.util.ArrayList.forEach(Unknown Source)
... Removed 30 stack frames]]>
    </failure>
  </testcase> <!-- validateNavigate -->
</testsuite> <!-- ValidateNavigationBar_Test -->
